{"contracts/Contract.sol":{"l":{"11":2,"12":1,"16":3,"17":3,"21":1,"25":1},"path":"/home/adam/Code/contract-coverage/contracts/Contract.sol","s":{"1":2,"2":3,"3":3,"4":1,"5":1},"b":{"1":[1,1]},"f":{"1":2,"2":3,"3":1,"4":1},"fnMap":{"1":{"name":"onlyOwner","line":10,"loc":{"start":{"line":10,"column":4},"end":{"line":10,"column":22}}},"2":{"name":"Contract","line":15,"loc":{"start":{"line":15,"column":4},"end":{"line":15,"column":38}}},"3":{"name":"getNum","line":20,"loc":{"start":{"line":20,"column":4},"end":{"line":20,"column":57}}},"4":{"name":"log","line":24,"loc":{"start":{"line":24,"column":4},"end":{"line":24,"column":34}}}},"statementMap":{"1":{"start":{"line":11,"column":8},"end":{"line":11,"column":35}},"2":{"start":{"line":16,"column":8},"end":{"line":16,"column":25}},"3":{"start":{"line":17,"column":8},"end":{"line":17,"column":17}},"4":{"start":{"line":21,"column":8},"end":{"line":21,"column":18}},"5":{"start":{"line":25,"column":8},"end":{"line":25,"column":21}}},"branchMap":{"1":{"line":11,"type":"if","locations":[{"start":{"line":11,"column":8},"end":{"line":11,"column":8}},{"start":{"line":11,"column":8},"end":{"line":11,"column":8}}]}}}}